<?xml version="1.0" encoding="UTF-8"?>
<testsuite xmlns:xsi="http://www.w3.org/2001/XMLSchema-instance" xsi:noNamespaceSchemaLocation="https://maven.apache.org/surefire/maven-surefire-plugin/xsd/surefire-test-report-3.0.xsd" version="3.0" name="edu.grinnell.csc207.TestMP01" time="0.174" tests="34" errors="0" skipped="0" failures="0">
  <properties>
[...]
</properties>
  <testcase name="testCaesarEncrypt" classname="edu.grinnell.csc207.TestMP01" time="0.036"/>
  <testcase name="allCaesarEncryptEmptyString" classname="edu.grinnell.csc207.TestMP01" time="0.005"/>
  <testcase name="allCaesarDecryptAlphabet" classname="edu.grinnell.csc207.TestMP01" time="0.002"/>
  <testcase name="testCaesarEncryptReturnsNonEmptyString" classname="edu.grinnell.csc207.TestMP01" time="0.003"/>
  <testcase name="vigenereEncryptEmpty" classname="edu.grinnell.csc207.TestMP01" time="0.001"/>
  <testcase name="testCaesarDecryptReturnsNonEmptyString" classname="edu.grinnell.csc207.TestMP01" time="0.001"/>
  <testcase name="cipherEmptyKey" classname="edu.grinnell.csc207.TestMP01" time="0.009"/>
  <testcase name="testVigenereEncryptReturnsNonEmptyString" classname="edu.grinnell.csc207.TestMP01" time="0.001"/>
  <testcase name="testVigenereDecryptReturnsNonEmptyString" classname="edu.grinnell.csc207.TestMP01" time="0.001"/>
  <testcase name="allCaesarEncryptAlphabet" classname="edu.grinnell.csc207.TestMP01" time="0.002"/>
  <testcase name="cipherRuns" classname="edu.grinnell.csc207.TestMP01" time="0.001"/>
  <testcase name="allCaesarDecryptEmptyString" classname="edu.grinnell.csc207.TestMP01" time="0.001"/>
  <testcase name="allCaesarRuns" classname="edu.grinnell.csc207.TestMP01" time="0.002"/>
  <testcase name="cipherInvalidString" classname="edu.grinnell.csc207.TestMP01" time="0.001"/>
  <testcase name="caesarDecryptEmpty" classname="edu.grinnell.csc207.TestMP01" time="0.001"/>
  <testcase name="allCaesarErrorInvalidAction" classname="edu.grinnell.csc207.TestMP01" time="0.003"/>
  <testcase name="testVigenereDecrypt" classname="edu.grinnell.csc207.TestMP01" time="0.001"/>
  <testcase name="allCaesarErrorOneArgument" classname="edu.grinnell.csc207.TestMP01" time="0.001"/>
  <testcase name="allCaesarErrorThreeArguments" classname="edu.grinnell.csc207.TestMP01" time="0.005"/>
  <testcase name="cipherInvalidKey" classname="edu.grinnell.csc207.TestMP01" time="0.004"/>
  <testcase name="cipherVigenereEncrypt" classname="edu.grinnell.csc207.TestMP01" time="0.003"/>
  <testcase name="testCaesarDecrypt" classname="edu.grinnell.csc207.TestMP01" time="0.0"/>
  <testcase name="cipherBadCaesarKey" classname="edu.grinnell.csc207.TestMP01" time="0.001"/>
  <testcase name="caesarEncryptEmpty" classname="edu.grinnell.csc207.TestMP01" time="0.001"/>
  <testcase name="cipherVigenereDecode" classname="edu.grinnell.csc207.TestMP01" time="0.001"/>
  <testcase name="allCaesarEncryptHelloWorld" classname="edu.grinnell.csc207.TestMP01" time="0.002"/>
  <testcase name="cipherLongCaesarKey" classname="edu.grinnell.csc207.TestMP01" time="0.001"/>
  <testcase name="cipherWrongNumberOfParams" classname="edu.grinnell.csc207.TestMP01" time="0.002"/>
  <testcase name="cipherCaesarEncrypt" classname="edu.grinnell.csc207.TestMP01" time="0.001"/>
  <testcase name="testVigenereEncrypt" classname="edu.grinnell.csc207.TestMP01" time="0.001"/>
  <testcase name="vigenereDecryptEmpty" classname="edu.grinnell.csc207.TestMP01" time="0.001"/>
  <testcase name="allCaesarErrorZeroArguments" classname="edu.grinnell.csc207.TestMP01" time="0.001"/>
  <testcase name="cipherCaesarDecode" classname="edu.grinnell.csc207.TestMP01" time="0.001"/>
  <testcase name="allCaesarDecryptDahhksknhz" classname="edu.grinnell.csc207.TestMP01" time="0.001"/>
</testsuite>